{"level":"ERROR","time":"2026-01-25T22:26:40.576+0800","caller":"middle/login_record.go:54","msg":"Failed to record login","error":"Error 1452 (23000): Cannot add or update a child row: a foreign key constraint fails (`blog_db`.`logins`, CONSTRAINT `fk_logins_user` FOREIGN KEY (`user_id`) REFERENCES `users` (`id`))"}
{"level":"ERROR","time":"2026-01-25T22:27:33.697+0800","caller":"middle/login_record.go:54","msg":"Failed to record login","error":"Error 1452 (23000): Cannot add or update a child row: a foreign key constraint fails (`blog_db`.`logins`, CONSTRAINT `fk_logins_user` FOREIGN KEY (`user_id`) REFERENCES `users` (`id`))"}
{"level":"ERROR","time":"2026-01-25T22:31:57.609+0800","caller":"middle/login_record.go:54","msg":"Failed to record login","error":"Error 1452 (23000): Cannot add or update a child row: a foreign key constraint fails (`blog_db`.`logins`, CONSTRAINT `fk_logins_user` FOREIGN KEY (`user_id`) REFERENCES `users` (`id`))"}
{"level":"INFO","time":"2026-01-25T22:33:31.355+0800","caller":"core/server.go:25","msg":"server run success on ","address":"0.0.0.0:8080"}
{"level":"INFO","time":"2026-01-25T22:33:31.355+0800","caller":"initialize/cron.go:17","msg":"start","keysAndValues":null}
{"level":"ERROR","time":"2026-01-25T22:33:33.328+0800","caller":"middle/login_record.go:54","msg":"Failed to record login","error":"Error 1452 (23000): Cannot add or update a child row: a foreign key constraint fails (`blog_db`.`logins`, CONSTRAINT `fk_logins_user` FOREIGN KEY (`user_id`) REFERENCES `users` (`id`))"}
{"level":"INFO","time":"2026-01-25T22:34:48.796+0800","caller":"core/server.go:25","msg":"server run success on ","address":"0.0.0.0:8080"}
{"level":"INFO","time":"2026-01-25T22:34:48.796+0800","caller":"initialize/cron.go:17","msg":"start","keysAndValues":null}
{"level":"ERROR","time":"2026-01-25T22:34:50.685+0800","caller":"middle/login_record.go:56","msg":"Failed to record login","error":"Error 1452 (23000): Cannot add or update a child row: a foreign key constraint fails (`blog_db`.`logins`, CONSTRAINT `fk_logins_user` FOREIGN KEY (`user_id`) REFERENCES `users` (`id`))"}
{"level":"INFO","time":"2026-01-25T22:39:54.702+0800","caller":"core/server.go:25","msg":"server run success on ","address":"0.0.0.0:8080"}
{"level":"INFO","time":"2026-01-25T22:39:54.702+0800","caller":"initialize/cron.go:17","msg":"start","keysAndValues":null}
{"level":"ERROR","time":"2026-01-25T22:40:00.639+0800","caller":"middle/login_record.go:54","msg":"Failed to record login","error":"Error 1452 (23000): Cannot add or update a child row: a foreign key constraint fails (`blog_db`.`logins`, CONSTRAINT `fk_logins_user` FOREIGN KEY (`user_id`) REFERENCES `users` (`id`))"}
{"level":"ERROR","time":"2026-01-25T22:40:39.739+0800","caller":"middle/login_record.go:54","msg":"Failed to record login","error":"Error 1452 (23000): Cannot add or update a child row: a foreign key constraint fails (`blog_db`.`logins`, CONSTRAINT `fk_logins_user` FOREIGN KEY (`user_id`) REFERENCES `users` (`id`))"}
{"level":"ERROR","time":"2026-01-25T22:43:19.336+0800","caller":"middle/login_record.go:54","msg":"Failed to record login","error":"Error 1452 (23000): Cannot add or update a child row: a foreign key constraint fails (`blog_db`.`logins`, CONSTRAINT `fk_logins_user` FOREIGN KEY (`user_id`) REFERENCES `users` (`id`))"}
{"level":"INFO","time":"2026-01-25T22:54:19.481+0800","caller":"core/server.go:25","msg":"server run success on ","address":"0.0.0.0:8080"}
{"level":"INFO","time":"2026-01-25T22:54:19.481+0800","caller":"initialize/cron.go:17","msg":"start","keysAndValues":null}
{"level":"ERROR","time":"2026-01-25T22:59:29.319+0800","caller":"api/user.go:91","msg":"Failed to login:","error":"incorrect email or password"}
{"level":"ERROR","time":"2026-01-25T22:59:29.516+0800","caller":"middle/login_record.go:54","msg":"Failed to record login","error":"Error 1452 (23000): Cannot add or update a child row: a foreign key constraint fails (`blog_db`.`logins`, CONSTRAINT `fk_logins_user` FOREIGN KEY (`user_id`) REFERENCES `users` (`id`))"}
{"level":"ERROR","time":"2026-01-25T22:59:43.212+0800","caller":"middle/login_record.go:54","msg":"Failed to record login","error":"Error 1452 (23000): Cannot add or update a child row: a foreign key constraint fails (`blog_db`.`logins`, CONSTRAINT `fk_logins_user` FOREIGN KEY (`user_id`) REFERENCES `users` (`id`))"}
{"level":"ERROR","time":"2026-01-25T22:59:49.844+0800","caller":"middle/login_record.go:54","msg":"Failed to record login","error":"Error 1452 (23000): Cannot add or update a child row: a foreign key constraint fails (`blog_db`.`logins`, CONSTRAINT `fk_logins_user` FOREIGN KEY (`user_id`) REFERENCES `users` (`id`))"}
{"level":"ERROR","time":"2026-01-25T23:00:08.779+0800","caller":"middle/login_record.go:54","msg":"Failed to record login","error":"Error 1452 (23000): Cannot add or update a child row: a foreign key constraint fails (`blog_db`.`logins`, CONSTRAINT `fk_logins_user` FOREIGN KEY (`user_id`) REFERENCES `users` (`id`))"}
{"level":"ERROR","time":"2026-01-25T23:00:39.561+0800","caller":"api/user.go:91","msg":"Failed to login:","error":"incorrect email or password"}
{"level":"ERROR","time":"2026-01-25T23:00:39.788+0800","caller":"middle/login_record.go:54","msg":"Failed to record login","error":"Error 1452 (23000): Cannot add or update a child row: a foreign key constraint fails (`blog_db`.`logins`, CONSTRAINT `fk_logins_user` FOREIGN KEY (`user_id`) REFERENCES `users` (`id`))"}
{"level":"INFO","time":"2026-01-26T03:02:48.579+0800","caller":"core/server.go:25","msg":"server run success on ","address":"0.0.0.0:8080"}
{"level":"INFO","time":"2026-01-26T03:02:48.579+0800","caller":"initialize/cron.go:17","msg":"start","keysAndValues":null}
{"level":"ERROR","time":"2026-01-26T03:02:52.119+0800","caller":"middle/login_record.go:54","msg":"Failed to record login","error":"Error 1452 (23000): Cannot add or update a child row: a foreign key constraint fails (`blog_db`.`logins`, CONSTRAINT `fk_logins_user` FOREIGN KEY (`user_id`) REFERENCES `users` (`id`))"}
{"level":"ERROR","time":"2026-01-26T03:02:56.299+0800","caller":"api/image.go:28","msg":"http: no such file","error":"http: no such file"}
{"level":"ERROR","time":"2026-01-26T20:22:13.779+0800","caller":"initialize/redis.go:26","msg":"Failed to connect to Redis:","error":"dial tcp 127.0.0.1:6379: connectex: No connection could be made because the target machine actively refused it."}
{"level":"INFO","time":"2026-01-26T20:24:59.815+0800","caller":"initialize/cron.go:17","msg":"start","keysAndValues":null}
{"level":"INFO","time":"2026-01-26T20:24:59.815+0800","caller":"core/server.go:25","msg":"server run success on ","address":"0.0.0.0:8080"}
{"level":"ERROR","time":"2026-01-26T20:26:23.748+0800","caller":"api/user.go:91","msg":"Failed to login:","error":"incorrect email or password"}
{"level":"ERROR","time":"2026-01-26T20:26:24.005+0800","caller":"middle/login_record.go:54","msg":"Failed to record login","error":"Error 1452 (23000): Cannot add or update a child row: a foreign key constraint fails (`blog_db`.`logins`, CONSTRAINT `fk_logins_user` FOREIGN KEY (`user_id`) REFERENCES `users` (`id`))"}
{"level":"ERROR","time":"2026-01-26T20:38:50.703+0800","caller":"middle/login_record.go:54","msg":"Failed to record login","error":"Error 1452 (23000): Cannot add or update a child row: a foreign key constraint fails (`blog_db`.`logins`, CONSTRAINT `fk_logins_user` FOREIGN KEY (`user_id`) REFERENCES `users` (`id`))"}
{"level":"INFO","time":"2026-01-26T21:08:39.474+0800","caller":"core/server.go:25","msg":"server run success on ","address":"0.0.0.0:8080"}
{"level":"INFO","time":"2026-01-26T21:08:39.474+0800","caller":"initialize/cron.go:17","msg":"start","keysAndValues":null}
{"level":"INFO","time":"2026-01-26T21:13:36.170+0800","caller":"core/server.go:25","msg":"server run success on ","address":"0.0.0.0:8080"}
{"level":"INFO","time":"2026-01-26T21:13:36.170+0800","caller":"initialize/cron.go:17","msg":"start","keysAndValues":null}
{"level":"INFO","time":"2026-01-26T21:24:56.317+0800","caller":"core/server.go:25","msg":"server run success on ","address":"0.0.0.0:8080"}
{"level":"INFO","time":"2026-01-26T21:24:56.317+0800","caller":"initialize/cron.go:17","msg":"start","keysAndValues":null}
{"level":"ERROR","time":"2026-02-11T01:05:11.815+0800","caller":"initialize/redis.go:26","msg":"Failed to connect to Redis:","error":"dial tcp 127.0.0.1:6379: connectex: No connection could be made because the target machine actively refused it."}
{"level":"ERROR","time":"2026-02-11T16:08:37.501+0800","caller":"initialize/redis.go:26","msg":"Failed to connect to Redis:","error":"dial tcp 127.0.0.1:6379: connectex: No connection could be made because the target machine actively refused it."}
{"level":"ERROR","time":"2026-02-11T16:09:36.950+0800","caller":"initialize/redis.go:26","msg":"Failed to connect to Redis:","error":"dial tcp 127.0.0.1:6379: connectex: No connection could be made because the target machine actively refused it."}
{"level":"INFO","time":"2026-02-11T16:10:06.768+0800","caller":"flag/enter.go:85","msg":"Successfully created ES indices"}
{"level":"INFO","time":"2026-02-11T16:10:40.691+0800","caller":"initialize/cron.go:17","msg":"start","keysAndValues":null}
{"level":"INFO","time":"2026-02-11T16:10:40.692+0800","caller":"core/server.go:25","msg":"server run success on ","address":"0.0.0.0:8080"}
{"level":"INFO","time":"2026-02-11T16:10:40.698+0800","caller":"initialize/cron.go:17","msg":"schedule","keysAndValues":["now","2026-02-11T16:10:40.6981956+08:00","entry",1,"next","2026-02-11T17:00:00+08:00"]}
{"level":"INFO","time":"2026-02-11T17:00:00.000+0800","caller":"initialize/cron.go:17","msg":"wake","keysAndValues":["now","2026-02-11T17:00:00+08:00"]}
{"level":"INFO","time":"2026-02-11T17:00:00.000+0800","caller":"initialize/cron.go:17","msg":"run","keysAndValues":["now","2026-02-11T17:00:00+08:00","entry",1,"next","2026-02-11T18:00:00+08:00"]}
{"level":"INFO","time":"2026-02-11T17:59:52.888+0800","caller":"initialize/cron.go:17","msg":"wake","keysAndValues":["now","2026-02-11T17:59:52.8881204+08:00"]}
{"level":"INFO","time":"2026-02-11T18:00:00.000+0800","caller":"initialize/cron.go:17","msg":"wake","keysAndValues":["now","2026-02-11T18:00:00.0003299+08:00"]}
{"level":"INFO","time":"2026-02-11T18:00:00.000+0800","caller":"initialize/cron.go:17","msg":"run","keysAndValues":["now","2026-02-11T18:00:00.0003299+08:00","entry",1,"next","2026-02-11T19:00:00+08:00"]}
{"level":"INFO","time":"2026-02-11T18:34:42.330+0800","caller":"core/server.go:25","msg":"server run success on ","address":"0.0.0.0:8080"}
{"level":"INFO","time":"2026-02-11T18:34:42.330+0800","caller":"initialize/cron.go:17","msg":"start","keysAndValues":null}
{"level":"INFO","time":"2026-02-11T18:34:42.336+0800","caller":"initialize/cron.go:17","msg":"schedule","keysAndValues":["now","2026-02-11T18:34:42.3367257+08:00","entry",1,"next","2026-02-11T19:00:00+08:00"]}
{"level":"INFO","time":"2026-02-11T18:34:42.336+0800","caller":"initialize/cron.go:17","msg":"schedule","keysAndValues":["now","2026-02-11T18:34:42.3367257+08:00","entry",2,"next","2026-02-11T19:00:00+08:00"]}
{"level":"INFO","time":"2026-02-11T18:34:42.336+0800","caller":"initialize/cron.go:17","msg":"schedule","keysAndValues":["now","2026-02-11T18:34:42.3367257+08:00","entry",3,"next","2026-02-12T00:00:00+08:00"]}
{"level":"INFO","time":"2026-02-11T19:00:21.067+0800","caller":"core/server.go:25","msg":"server run success on ","address":"0.0.0.0:8080"}
{"level":"INFO","time":"2026-02-11T19:00:21.067+0800","caller":"initialize/cron.go:17","msg":"start","keysAndValues":null}
{"level":"INFO","time":"2026-02-11T19:00:21.073+0800","caller":"initialize/cron.go:17","msg":"schedule","keysAndValues":["now","2026-02-11T19:00:21.0735726+08:00","entry",1,"next","2026-02-11T20:00:00+08:00"]}
{"level":"INFO","time":"2026-02-11T19:00:21.073+0800","caller":"initialize/cron.go:17","msg":"schedule","keysAndValues":["now","2026-02-11T19:00:21.0735726+08:00","entry",2,"next","2026-02-11T20:00:00+08:00"]}
{"level":"INFO","time":"2026-02-11T19:00:21.073+0800","caller":"initialize/cron.go:17","msg":"schedule","keysAndValues":["now","2026-02-11T19:00:21.0735726+08:00","entry",3,"next","2026-02-12T00:00:00+08:00"]}
{"level":"INFO","time":"2026-02-11T19:00:34.668+0800","caller":"core/server.go:25","msg":"server run success on ","address":"0.0.0.0:8080"}
{"level":"INFO","time":"2026-02-11T19:00:34.667+0800","caller":"initialize/cron.go:17","msg":"start","keysAndValues":null}
{"level":"INFO","time":"2026-02-11T19:00:34.674+0800","caller":"initialize/cron.go:17","msg":"schedule","keysAndValues":["now","2026-02-11T19:00:34.6743332+08:00","entry",1,"next","2026-02-11T20:00:00+08:00"]}
{"level":"INFO","time":"2026-02-11T19:00:34.674+0800","caller":"initialize/cron.go:17","msg":"schedule","keysAndValues":["now","2026-02-11T19:00:34.6743332+08:00","entry",2,"next","2026-02-11T20:00:00+08:00"]}
{"level":"INFO","time":"2026-02-11T19:00:34.674+0800","caller":"initialize/cron.go:17","msg":"schedule","keysAndValues":["now","2026-02-11T19:00:34.6743332+08:00","entry",3,"next","2026-02-12T00:00:00+08:00"]}
{"level":"ERROR","time":"2026-02-11T19:04:56.209+0800","caller":"middle/login_record.go:54","msg":"Failed to record login","error":"Error 1452 (23000): Cannot add or update a child row: a foreign key constraint fails (`blog_db`.`logins`, CONSTRAINT `fk_logins_user` FOREIGN KEY (`user_id`) REFERENCES `users` (`id`))"}
{"level":"ERROR","time":"2026-02-11T19:11:07.156+0800","caller":"api/user.go:91","msg":"Failed to login:","error":"incorrect email or password"}
{"level":"ERROR","time":"2026-02-11T19:11:07.372+0800","caller":"middle/login_record.go:54","msg":"Failed to record login","error":"Error 1452 (23000): Cannot add or update a child row: a foreign key constraint fails (`blog_db`.`logins`, CONSTRAINT `fk_logins_user` FOREIGN KEY (`user_id`) REFERENCES `users` (`id`))"}
{"level":"INFO","time":"2026-02-11T19:29:26.430+0800","caller":"initialize/cron.go:17","msg":"start","keysAndValues":null}
{"level":"INFO","time":"2026-02-11T19:29:26.430+0800","caller":"core/server.go:25","msg":"server run success on ","address":"0.0.0.0:8080"}
{"level":"INFO","time":"2026-02-11T19:29:26.436+0800","caller":"initialize/cron.go:17","msg":"schedule","keysAndValues":["now","2026-02-11T19:29:26.4368632+08:00","entry",1,"next","2026-02-11T20:00:00+08:00"]}
{"level":"INFO","time":"2026-02-11T19:29:26.436+0800","caller":"initialize/cron.go:17","msg":"schedule","keysAndValues":["now","2026-02-11T19:29:26.4368632+08:00","entry",2,"next","2026-02-11T20:00:00+08:00"]}
{"level":"INFO","time":"2026-02-11T19:29:26.436+0800","caller":"initialize/cron.go:17","msg":"schedule","keysAndValues":["now","2026-02-11T19:29:26.4368632+08:00","entry",3,"next","2026-02-12T00:00:00+08:00"]}
{"level":"INFO","time":"2026-02-11T19:32:45.781+0800","caller":"core/server.go:25","msg":"server run success on ","address":"0.0.0.0:8080"}
{"level":"INFO","time":"2026-02-11T19:32:45.781+0800","caller":"initialize/cron.go:17","msg":"start","keysAndValues":null}
{"level":"INFO","time":"2026-02-11T19:32:45.788+0800","caller":"initialize/cron.go:17","msg":"schedule","keysAndValues":["now","2026-02-11T19:32:45.7881156+08:00","entry",1,"next","2026-02-11T20:00:00+08:00"]}
{"level":"INFO","time":"2026-02-11T19:32:45.788+0800","caller":"initialize/cron.go:17","msg":"schedule","keysAndValues":["now","2026-02-11T19:32:45.7881156+08:00","entry",2,"next","2026-02-11T20:00:00+08:00"]}
{"level":"INFO","time":"2026-02-11T19:32:45.788+0800","caller":"initialize/cron.go:17","msg":"schedule","keysAndValues":["now","2026-02-11T19:32:45.7881156+08:00","entry",3,"next","2026-02-12T00:00:00+08:00"]}
{"level":"INFO","time":"2026-02-11T19:33:05.607+0800","caller":"api/user.go:164","msg":"Refresh Token Expiration Debug","refresh_claims_expires_at":"2026-02-18T19:33:05.000+0800","refresh_claims_expires_at_unix":1771414385,"current_time_unix":1770809585,"calculated_max_age_seconds":604800,"时间:":604800}
{"level":"ERROR","time":"2026-02-11T19:36:53.912+0800","caller":"api/config.go:54","msg":"Failed to update system:","error":"Config File \"config.yaml\" Not Found in \"[C:\\\\server]\""}
{"level":"INFO","time":"2026-02-11T19:37:39.496+0800","caller":"core/server.go:25","msg":"server run success on ","address":"0.0.0.0:8080"}
{"level":"INFO","time":"2026-02-11T19:37:39.496+0800","caller":"initialize/cron.go:17","msg":"start","keysAndValues":null}
{"level":"INFO","time":"2026-02-11T19:37:39.502+0800","caller":"initialize/cron.go:17","msg":"schedule","keysAndValues":["now","2026-02-11T19:37:39.5024684+08:00","entry",1,"next","2026-02-11T20:00:00+08:00"]}
{"level":"INFO","time":"2026-02-11T19:37:39.503+0800","caller":"initialize/cron.go:17","msg":"schedule","keysAndValues":["now","2026-02-11T19:37:39.5024684+08:00","entry",2,"next","2026-02-11T20:00:00+08:00"]}
{"level":"INFO","time":"2026-02-11T19:37:39.503+0800","caller":"initialize/cron.go:17","msg":"schedule","keysAndValues":["now","2026-02-11T19:37:39.5024684+08:00","entry",3,"next","2026-02-12T00:00:00+08:00"]}
{"level":"ERROR","time":"2026-02-11T19:37:41.438+0800","caller":"api/config.go:54","msg":"Failed to update system:","error":"Config File \"config.yaml\" Not Found in \"[C:\\\\Users\\\\Chen\\\\Desktop\\\\go_blog\\\\server\\\\server]\""}
{"level":"INFO","time":"2026-02-11T19:38:23.814+0800","caller":"core/server.go:25","msg":"server run success on ","address":"0.0.0.0:8080"}
{"level":"INFO","time":"2026-02-11T19:38:23.814+0800","caller":"initialize/cron.go:17","msg":"start","keysAndValues":null}
{"level":"INFO","time":"2026-02-11T19:38:23.820+0800","caller":"initialize/cron.go:17","msg":"schedule","keysAndValues":["now","2026-02-11T19:38:23.8209762+08:00","entry",1,"next","2026-02-11T20:00:00+08:00"]}
{"level":"INFO","time":"2026-02-11T19:38:23.820+0800","caller":"initialize/cron.go:17","msg":"schedule","keysAndValues":["now","2026-02-11T19:38:23.8209762+08:00","entry",2,"next","2026-02-11T20:00:00+08:00"]}
{"level":"INFO","time":"2026-02-11T19:38:23.820+0800","caller":"initialize/cron.go:17","msg":"schedule","keysAndValues":["now","2026-02-11T19:38:23.8209762+08:00","entry",3,"next","2026-02-12T00:00:00+08:00"]}
{"level":"INFO","time":"2026-02-11T19:53:18.573+0800","caller":"initialize/cron.go:17","msg":"start","keysAndValues":null}
{"level":"INFO","time":"2026-02-11T19:53:18.573+0800","caller":"core/server.go:25","msg":"server run success on ","address":"0.0.0.0:8080"}
{"level":"INFO","time":"2026-02-11T19:53:18.579+0800","caller":"initialize/cron.go:17","msg":"schedule","keysAndValues":["now","2026-02-11T19:53:18.5787677+08:00","entry",1,"next","2026-02-11T20:00:00+08:00"]}
{"level":"INFO","time":"2026-02-11T19:53:18.579+0800","caller":"initialize/cron.go:17","msg":"schedule","keysAndValues":["now","2026-02-11T19:53:18.5787677+08:00","entry",2,"next","2026-02-11T20:00:00+08:00"]}
{"level":"INFO","time":"2026-02-11T19:53:18.579+0800","caller":"initialize/cron.go:17","msg":"schedule","keysAndValues":["now","2026-02-11T19:53:18.5787677+08:00","entry",3,"next","2026-02-12T00:00:00+08:00"]}
{"level":"INFO","time":"2026-02-11T19:54:25.287+0800","caller":"initialize/cron.go:17","msg":"start","keysAndValues":null}
{"level":"INFO","time":"2026-02-11T19:54:25.287+0800","caller":"core/server.go:25","msg":"server run success on ","address":"0.0.0.0:8080"}
{"level":"INFO","time":"2026-02-11T19:54:25.294+0800","caller":"initialize/cron.go:17","msg":"schedule","keysAndValues":["now","2026-02-11T19:54:25.2943027+08:00","entry",1,"next","2026-02-11T20:00:00+08:00"]}
{"level":"INFO","time":"2026-02-11T19:54:25.294+0800","caller":"initialize/cron.go:17","msg":"schedule","keysAndValues":["now","2026-02-11T19:54:25.2943027+08:00","entry",2,"next","2026-02-11T20:00:00+08:00"]}
{"level":"INFO","time":"2026-02-11T19:54:25.294+0800","caller":"initialize/cron.go:17","msg":"schedule","keysAndValues":["now","2026-02-11T19:54:25.2943027+08:00","entry",3,"next","2026-02-12T00:00:00+08:00"]}
{"level":"INFO","time":"2026-02-11T19:55:09.407+0800","caller":"core/server.go:25","msg":"server run success on ","address":"0.0.0.0:8080"}
{"level":"INFO","time":"2026-02-11T19:55:09.407+0800","caller":"initialize/cron.go:17","msg":"start","keysAndValues":null}
{"level":"INFO","time":"2026-02-11T19:55:09.414+0800","caller":"initialize/cron.go:17","msg":"schedule","keysAndValues":["now","2026-02-11T19:55:09.4148754+08:00","entry",1,"next","2026-02-11T20:00:00+08:00"]}
{"level":"INFO","time":"2026-02-11T19:55:09.414+0800","caller":"initialize/cron.go:17","msg":"schedule","keysAndValues":["now","2026-02-11T19:55:09.4148754+08:00","entry",2,"next","2026-02-11T20:00:00+08:00"]}
{"level":"INFO","time":"2026-02-11T19:55:09.414+0800","caller":"initialize/cron.go:17","msg":"schedule","keysAndValues":["now","2026-02-11T19:55:09.4148754+08:00","entry",3,"next","2026-02-12T00:00:00+08:00"]}
{"level":"INFO","time":"2026-02-11T19:57:34.062+0800","caller":"core/server.go:25","msg":"server run success on ","address":"0.0.0.0:8080"}
{"level":"INFO","time":"2026-02-11T19:57:34.062+0800","caller":"initialize/cron.go:17","msg":"start","keysAndValues":null}
{"level":"INFO","time":"2026-02-11T19:57:34.069+0800","caller":"initialize/cron.go:17","msg":"schedule","keysAndValues":["now","2026-02-11T19:57:34.0690495+08:00","entry",1,"next","2026-02-11T20:00:00+08:00"]}
{"level":"INFO","time":"2026-02-11T19:57:34.069+0800","caller":"initialize/cron.go:17","msg":"schedule","keysAndValues":["now","2026-02-11T19:57:34.0690495+08:00","entry",2,"next","2026-02-11T20:00:00+08:00"]}
{"level":"INFO","time":"2026-02-11T19:57:34.069+0800","caller":"initialize/cron.go:17","msg":"schedule","keysAndValues":["now","2026-02-11T19:57:34.0690495+08:00","entry",3,"next","2026-02-12T00:00:00+08:00"]}
{"level":"INFO","time":"2026-02-11T20:00:00.001+0800","caller":"initialize/cron.go:17","msg":"wake","keysAndValues":["now","2026-02-11T20:00:00.000517+08:00"]}
{"level":"INFO","time":"2026-02-11T20:00:00.001+0800","caller":"initialize/cron.go:17","msg":"run","keysAndValues":["now","2026-02-11T20:00:00.000517+08:00","entry",1,"next","2026-02-11T21:00:00+08:00"]}
{"level":"INFO","time":"2026-02-11T20:00:00.001+0800","caller":"initialize/cron.go:17","msg":"run","keysAndValues":["now","2026-02-11T20:00:00.000517+08:00","entry",2,"next","2026-02-11T21:00:00+08:00"]}
{"level":"ERROR","time":"2026-02-11T20:00:00.480+0800","caller":"task/enter.go:19","msg":"Failed to get hot list:","error":"failed to get data"}
{"level":"INFO","time":"2026-02-11T21:00:00.000+0800","caller":"initialize/cron.go:17","msg":"wake","keysAndValues":["now","2026-02-11T21:00:00.0005456+08:00"]}
{"level":"INFO","time":"2026-02-11T21:00:00.001+0800","caller":"initialize/cron.go:17","msg":"run","keysAndValues":["now","2026-02-11T21:00:00.0005456+08:00","entry",1,"next","2026-02-11T22:00:00+08:00"]}
{"level":"INFO","time":"2026-02-11T21:00:00.003+0800","caller":"initialize/cron.go:17","msg":"run","keysAndValues":["now","2026-02-11T21:00:00.0005456+08:00","entry",2,"next","2026-02-11T22:00:00+08:00"]}
{"level":"ERROR","time":"2026-02-11T21:00:00.417+0800","caller":"task/enter.go:19","msg":"Failed to get hot list:","error":"failed to get data"}
{"level":"INFO","time":"2026-02-11T22:00:00.003+0800","caller":"initialize/cron.go:17","msg":"wake","keysAndValues":["now","2026-02-11T22:00:00.0029489+08:00"]}
{"level":"INFO","time":"2026-02-11T22:00:00.003+0800","caller":"initialize/cron.go:17","msg":"run","keysAndValues":["now","2026-02-11T22:00:00.0029489+08:00","entry",1,"next","2026-02-11T23:00:00+08:00"]}
{"level":"INFO","time":"2026-02-11T22:00:00.004+0800","caller":"initialize/cron.go:17","msg":"run","keysAndValues":["now","2026-02-11T22:00:00.0029489+08:00","entry",2,"next","2026-02-11T23:00:00+08:00"]}
{"level":"ERROR","time":"2026-02-11T22:00:00.431+0800","caller":"task/enter.go:19","msg":"Failed to get hot list:","error":"failed to get data"}
{"level":"INFO","time":"2026-02-11T23:00:00.001+0800","caller":"initialize/cron.go:17","msg":"wake","keysAndValues":["now","2026-02-11T23:00:00.0012421+08:00"]}
{"level":"INFO","time":"2026-02-11T23:00:00.001+0800","caller":"initialize/cron.go:17","msg":"run","keysAndValues":["now","2026-02-11T23:00:00.0012421+08:00","entry",1,"next","2026-02-12T00:00:00+08:00"]}
{"level":"INFO","time":"2026-02-11T23:00:00.001+0800","caller":"initialize/cron.go:17","msg":"run","keysAndValues":["now","2026-02-11T23:00:00.0012421+08:00","entry",2,"next","2026-02-12T00:00:00+08:00"]}
{"level":"ERROR","time":"2026-02-11T23:00:00.339+0800","caller":"task/enter.go:19","msg":"Failed to get hot list:","error":"failed to get data"}
{"level":"ERROR","time":"2026-02-16T02:02:02.305+0800","caller":"initialize/redis.go:26","msg":"Failed to connect to Redis:","error":"dial tcp 127.0.0.1:6379: connectex: No connection could be made because the target machine actively refused it."}
{"level":"INFO","time":"2026-02-16T02:32:54.003+0800","caller":"core/server.go:25","msg":"server run success on ","address":"0.0.0.0:8080"}
{"level":"INFO","time":"2026-02-16T02:32:54.003+0800","caller":"initialize/cron.go:17","msg":"start","keysAndValues":null}
{"level":"INFO","time":"2026-02-16T02:32:54.011+0800","caller":"initialize/cron.go:17","msg":"schedule","keysAndValues":["now","2026-02-16T02:32:54.0119188+08:00","entry",1,"next","2026-02-16T03:00:00+08:00"]}
{"level":"INFO","time":"2026-02-16T02:32:54.012+0800","caller":"initialize/cron.go:17","msg":"schedule","keysAndValues":["now","2026-02-16T02:32:54.0119188+08:00","entry",2,"next","2026-02-16T03:00:00+08:00"]}
{"level":"INFO","time":"2026-02-16T02:32:54.012+0800","caller":"initialize/cron.go:17","msg":"schedule","keysAndValues":["now","2026-02-16T02:32:54.0119188+08:00","entry",3,"next","2026-02-17T00:00:00+08:00"]}
{"level":"ERROR","time":"2026-02-16T02:35:39.172+0800","caller":"api/user.go:91","msg":"Failed to login:","error":"incorrect email or password"}
{"level":"ERROR","time":"2026-02-16T02:35:39.448+0800","caller":"middle/login_record.go:54","msg":"Failed to record login","error":"Error 1452 (23000): Cannot add or update a child row: a foreign key constraint fails (`blog_db`.`logins`, CONSTRAINT `fk_logins_user` FOREIGN KEY (`user_id`) REFERENCES `users` (`id`))"}
{"level":"ERROR","time":"2026-02-16T02:36:04.035+0800","caller":"api/user.go:91","msg":"Failed to login:","error":"incorrect email or password"}
{"level":"ERROR","time":"2026-02-16T02:36:04.335+0800","caller":"middle/login_record.go:54","msg":"Failed to record login","error":"Error 1452 (23000): Cannot add or update a child row: a foreign key constraint fails (`blog_db`.`logins`, CONSTRAINT `fk_logins_user` FOREIGN KEY (`user_id`) REFERENCES `users` (`id`))"}
{"level":"ERROR","time":"2026-02-16T02:37:19.114+0800","caller":"api/user.go:352","msg":"Failed to get user weather","error":"no live weather data available"}
{"level":"INFO","time":"2026-02-16T03:00:00.001+0800","caller":"initialize/cron.go:17","msg":"wake","keysAndValues":["now","2026-02-16T03:00:00.0005565+08:00"]}
{"level":"INFO","time":"2026-02-16T03:00:00.001+0800","caller":"initialize/cron.go:17","msg":"run","keysAndValues":["now","2026-02-16T03:00:00.0005565+08:00","entry",1,"next","2026-02-16T04:00:00+08:00"]}
{"level":"INFO","time":"2026-02-16T03:00:00.001+0800","caller":"initialize/cron.go:17","msg":"run","keysAndValues":["now","2026-02-16T03:00:00.0005565+08:00","entry",2,"next","2026-02-16T04:00:00+08:00"]}
{"level":"ERROR","time":"2026-02-16T03:00:00.440+0800","caller":"task/enter.go:19","msg":"Failed to get hot list:","error":"failed to get data"}
{"level":"ERROR","time":"2026-02-16T03:16:46.193+0800","caller":"api/website.go:48","msg":"Failed to get news:","error":"failed to get data"}
{"level":"ERROR","time":"2026-02-16T03:16:52.046+0800","caller":"api/website.go:48","msg":"Failed to get news:","error":"failed to get data"}
{"level":"ERROR","time":"2026-02-16T03:16:55.644+0800","caller":"api/website.go:48","msg":"Failed to get news:","error":"failed to get data"}
{"level":"ERROR","time":"2026-02-16T03:16:57.602+0800","caller":"api/website.go:48","msg":"Failed to get news:","error":"failed to get data"}
{"level":"ERROR","time":"2026-02-16T03:17:02.970+0800","caller":"api/website.go:48","msg":"Failed to get news:","error":"failed to get data"}
{"level":"INFO","time":"2026-02-16T04:00:00.002+0800","caller":"initialize/cron.go:17","msg":"wake","keysAndValues":["now","2026-02-16T04:00:00.0009364+08:00"]}
{"level":"INFO","time":"2026-02-16T04:00:00.003+0800","caller":"initialize/cron.go:17","msg":"run","keysAndValues":["now","2026-02-16T04:00:00.0009364+08:00","entry",1,"next","2026-02-16T05:00:00+08:00"]}
{"level":"INFO","time":"2026-02-16T04:00:00.003+0800","caller":"initialize/cron.go:17","msg":"run","keysAndValues":["now","2026-02-16T04:00:00.0009364+08:00","entry",2,"next","2026-02-16T05:00:00+08:00"]}
{"level":"ERROR","time":"2026-02-16T04:00:00.108+0800","caller":"task/enter.go:12","msg":"Failed to update article views:","error":"status: 400, failed: [illegal_argument_exception], reason: failed to execute script"}
{"level":"ERROR","time":"2026-02-16T04:00:00.653+0800","caller":"task/enter.go:19","msg":"Failed to get hot list:","error":"failed to get data"}
{"level":"ERROR","time":"2026-02-16T04:57:21.832+0800","caller":"api/user.go:352","msg":"Failed to get user weather","error":"no live weather data available"}
{"level":"ERROR","time":"2026-02-16T04:57:52.425+0800","caller":"api/user.go:352","msg":"Failed to get user weather","error":"no live weather data available"}
{"level":"INFO","time":"2026-02-16T05:00:00.004+0800","caller":"initialize/cron.go:17","msg":"wake","keysAndValues":["now","2026-02-16T05:00:00.0029459+08:00"]}
{"level":"INFO","time":"2026-02-16T05:00:00.004+0800","caller":"initialize/cron.go:17","msg":"run","keysAndValues":["now","2026-02-16T05:00:00.0029459+08:00","entry",1,"next","2026-02-16T06:00:00+08:00"]}
{"level":"INFO","time":"2026-02-16T05:00:00.004+0800","caller":"initialize/cron.go:17","msg":"run","keysAndValues":["now","2026-02-16T05:00:00.0029459+08:00","entry",2,"next","2026-02-16T06:00:00+08:00"]}
{"level":"ERROR","time":"2026-02-16T05:00:00.048+0800","caller":"task/enter.go:12","msg":"Failed to update article views:","error":"status: 400, failed: [illegal_argument_exception], reason: failed to execute script"}
{"level":"ERROR","time":"2026-02-16T05:00:00.334+0800","caller":"task/enter.go:19","msg":"Failed to get hot list:","error":"failed to get data"}
{"level":"INFO","time":"2026-02-16T06:00:00.002+0800","caller":"initialize/cron.go:17","msg":"wake","keysAndValues":["now","2026-02-16T06:00:00.0014972+08:00"]}
{"level":"INFO","time":"2026-02-16T06:00:00.002+0800","caller":"initialize/cron.go:17","msg":"run","keysAndValues":["now","2026-02-16T06:00:00.0014972+08:00","entry",1,"next","2026-02-16T07:00:00+08:00"]}
{"level":"INFO","time":"2026-02-16T06:00:00.002+0800","caller":"initialize/cron.go:17","msg":"run","keysAndValues":["now","2026-02-16T06:00:00.0014972+08:00","entry",2,"next","2026-02-16T07:00:00+08:00"]}
{"level":"ERROR","time":"2026-02-16T06:00:00.047+0800","caller":"task/enter.go:12","msg":"Failed to update article views:","error":"status: 400, failed: [illegal_argument_exception], reason: failed to execute script"}
{"level":"ERROR","time":"2026-02-16T06:00:00.367+0800","caller":"task/enter.go:19","msg":"Failed to get hot list:","error":"failed to get data"}
{"level":"INFO","time":"2026-02-16T20:28:02.724+0800","caller":"core/server.go:25","msg":"server run success on ","address":"0.0.0.0:8080"}
{"level":"INFO","time":"2026-02-16T20:28:02.723+0800","caller":"initialize/cron.go:17","msg":"start","keysAndValues":null}
{"level":"INFO","time":"2026-02-16T20:28:02.731+0800","caller":"initialize/cron.go:17","msg":"schedule","keysAndValues":["now","2026-02-16T20:28:02.7316925+08:00","entry",1,"next","2026-02-16T21:00:00+08:00"]}
{"level":"INFO","time":"2026-02-16T20:28:02.731+0800","caller":"initialize/cron.go:17","msg":"schedule","keysAndValues":["now","2026-02-16T20:28:02.7316925+08:00","entry",2,"next","2026-02-16T21:00:00+08:00"]}
{"level":"INFO","time":"2026-02-16T20:28:02.731+0800","caller":"initialize/cron.go:17","msg":"schedule","keysAndValues":["now","2026-02-16T20:28:02.7316925+08:00","entry",3,"next","2026-02-17T00:00:00+08:00"]}
{"level":"INFO","time":"2026-02-16T21:00:00.000+0800","caller":"initialize/cron.go:17","msg":"wake","keysAndValues":["now","2026-02-16T21:00:00+08:00"]}
{"level":"INFO","time":"2026-02-16T21:00:00.000+0800","caller":"initialize/cron.go:17","msg":"run","keysAndValues":["now","2026-02-16T21:00:00+08:00","entry",1,"next","2026-02-16T22:00:00+08:00"]}
{"level":"INFO","time":"2026-02-16T21:00:00.000+0800","caller":"initialize/cron.go:17","msg":"run","keysAndValues":["now","2026-02-16T21:00:00+08:00","entry",2,"next","2026-02-16T22:00:00+08:00"]}
{"level":"ERROR","time":"2026-02-16T21:00:00.087+0800","caller":"task/enter.go:12","msg":"Failed to update article views:","error":"status: 400, failed: [illegal_argument_exception], reason: failed to execute script"}
{"level":"ERROR","time":"2026-02-16T21:00:00.435+0800","caller":"task/enter.go:19","msg":"Failed to get hot list:","error":"failed to get data"}
{"level":"INFO","time":"2026-02-16T22:00:00.006+0800","caller":"initialize/cron.go:17","msg":"wake","keysAndValues":["now","2026-02-16T22:00:00.0031915+08:00"]}
{"level":"INFO","time":"2026-02-16T22:00:00.007+0800","caller":"initialize/cron.go:17","msg":"run","keysAndValues":["now","2026-02-16T22:00:00.0031915+08:00","entry",1,"next","2026-02-16T23:00:00+08:00"]}
{"level":"INFO","time":"2026-02-16T22:00:00.007+0800","caller":"initialize/cron.go:17","msg":"run","keysAndValues":["now","2026-02-16T22:00:00.0031915+08:00","entry",2,"next","2026-02-16T23:00:00+08:00"]}
{"level":"ERROR","time":"2026-02-16T22:00:00.034+0800","caller":"task/enter.go:12","msg":"Failed to update article views:","error":"status: 400, failed: [illegal_argument_exception], reason: failed to execute script"}
{"level":"ERROR","time":"2026-02-16T22:00:00.483+0800","caller":"task/enter.go:19","msg":"Failed to get hot list:","error":"failed to get data"}
{"level":"ERROR","time":"2026-02-16T22:11:07.618+0800","caller":"api/user.go:352","msg":"Failed to get user weather","error":"no live weather data available"}
{"level":"INFO","time":"2026-02-16T22:21:19.323+0800","caller":"core/server.go:25","msg":"server run success on ","address":"0.0.0.0:8080"}
{"level":"INFO","time":"2026-02-16T22:21:12.148+0800","caller":"initialize/cron.go:17","msg":"start","keysAndValues":null}
{"level":"INFO","time":"2026-02-16T22:21:19.340+0800","caller":"initialize/cron.go:17","msg":"schedule","keysAndValues":["now","2026-02-16T22:21:19.3406519+08:00","entry",1,"next","2026-02-16T23:00:00+08:00"]}
{"level":"INFO","time":"2026-02-16T22:21:19.340+0800","caller":"initialize/cron.go:17","msg":"schedule","keysAndValues":["now","2026-02-16T22:21:19.3406519+08:00","entry",2,"next","2026-02-16T23:00:00+08:00"]}
{"level":"INFO","time":"2026-02-16T22:21:19.340+0800","caller":"initialize/cron.go:17","msg":"schedule","keysAndValues":["now","2026-02-16T22:21:19.3406519+08:00","entry",3,"next","2026-02-17T00:00:00+08:00"]}
{"level":"ERROR","time":"2026-02-16T22:35:06.441+0800","caller":"api/user.go:352","msg":"Failed to get user weather","error":"no live weather data available"}
{"level":"ERROR","time":"2026-02-16T22:44:43.541+0800","caller":"api/user.go:352","msg":"Failed to get user weather","error":"no live weather data available"}
{"level":"ERROR","time":"2026-02-16T22:51:03.430+0800","caller":"api/user.go:352","msg":"Failed to get user weather","error":"no live weather data available"}
{"level":"ERROR","time":"2026-02-16T22:56:20.012+0800","caller":"api/user.go:352","msg":"Failed to get user weather","error":"no live weather data available"}
{"level":"INFO","time":"2026-02-16T23:00:00.001+0800","caller":"initialize/cron.go:17","msg":"wake","keysAndValues":["now","2026-02-16T23:00:00+08:00"]}
{"level":"INFO","time":"2026-02-16T23:00:00.001+0800","caller":"initialize/cron.go:17","msg":"run","keysAndValues":["now","2026-02-16T23:00:00+08:00","entry",1,"next","2026-02-17T00:00:00+08:00"]}
{"level":"INFO","time":"2026-02-16T23:00:00.001+0800","caller":"initialize/cron.go:17","msg":"run","keysAndValues":["now","2026-02-16T23:00:00+08:00","entry",2,"next","2026-02-17T00:00:00+08:00"]}
{"level":"ERROR","time":"2026-02-16T23:00:00.293+0800","caller":"task/enter.go:19","msg":"Failed to get hot list:","error":"failed to get data"}
{"level":"INFO","time":"2026-02-16T23:41:11.209+0800","caller":"initialize/cron.go:17","msg":"start","keysAndValues":null}
{"level":"INFO","time":"2026-02-16T23:41:11.209+0800","caller":"core/server.go:25","msg":"server run success on ","address":"0.0.0.0:8080"}
{"level":"INFO","time":"2026-02-16T23:41:11.216+0800","caller":"initialize/cron.go:17","msg":"schedule","keysAndValues":["now","2026-02-16T23:41:11.2166283+08:00","entry",1,"next","2026-02-17T00:00:00+08:00"]}
{"level":"INFO","time":"2026-02-16T23:41:11.216+0800","caller":"initialize/cron.go:17","msg":"schedule","keysAndValues":["now","2026-02-16T23:41:11.2166283+08:00","entry",2,"next","2026-02-17T00:00:00+08:00"]}
{"level":"INFO","time":"2026-02-16T23:41:11.216+0800","caller":"initialize/cron.go:17","msg":"schedule","keysAndValues":["now","2026-02-16T23:41:11.2166283+08:00","entry",3,"next","2026-02-17T00:00:00+08:00"]}
{"level":"INFO","time":"2026-02-17T00:00:00.000+0800","caller":"initialize/cron.go:17","msg":"wake","keysAndValues":["now","2026-02-17T00:00:00.0000123+08:00"]}
{"level":"INFO","time":"2026-02-17T00:00:00.000+0800","caller":"initialize/cron.go:17","msg":"run","keysAndValues":["now","2026-02-17T00:00:00.0000123+08:00","entry",1,"next","2026-02-17T01:00:00+08:00"]}
{"level":"INFO","time":"2026-02-17T00:00:00.000+0800","caller":"initialize/cron.go:17","msg":"run","keysAndValues":["now","2026-02-17T00:00:00.0000123+08:00","entry",2,"next","2026-02-17T01:00:00+08:00"]}
{"level":"INFO","time":"2026-02-17T00:00:00.000+0800","caller":"initialize/cron.go:17","msg":"run","keysAndValues":["now","2026-02-17T00:00:00.0000123+08:00","entry",3,"next","2026-02-18T00:00:00+08:00"]}
{"level":"ERROR","time":"2026-02-17T00:00:00.033+0800","caller":"task/enter.go:12","msg":"Failed to update article views:","error":"status: 400, failed: [illegal_argument_exception], reason: failed to execute script"}
{"level":"ERROR","time":"2026-02-17T00:00:00.327+0800","caller":"task/enter.go:19","msg":"Failed to get hot list:","error":"failed to get data"}
{"level":"INFO","time":"2026-02-17T01:00:00.001+0800","caller":"initialize/cron.go:17","msg":"wake","keysAndValues":["now","2026-02-17T01:00:00.0001672+08:00"]}
{"level":"INFO","time":"2026-02-17T01:00:00.001+0800","caller":"initialize/cron.go:17","msg":"run","keysAndValues":["now","2026-02-17T01:00:00.0001672+08:00","entry",1,"next","2026-02-17T02:00:00+08:00"]}
{"level":"INFO","time":"2026-02-17T01:00:00.002+0800","caller":"initialize/cron.go:17","msg":"run","keysAndValues":["now","2026-02-17T01:00:00.0001672+08:00","entry",2,"next","2026-02-17T02:00:00+08:00"]}
{"level":"ERROR","time":"2026-02-17T01:00:00.059+0800","caller":"task/enter.go:12","msg":"Failed to update article views:","error":"status: 400, failed: [illegal_argument_exception], reason: failed to execute script"}
{"level":"ERROR","time":"2026-02-17T01:00:00.402+0800","caller":"task/enter.go:19","msg":"Failed to get hot list:","error":"failed to get data"}
{"level":"INFO","time":"2026-02-17T02:00:00.002+0800","caller":"initialize/cron.go:17","msg":"wake","keysAndValues":["now","2026-02-17T02:00:00.0019739+08:00"]}
{"level":"INFO","time":"2026-02-17T02:00:00.003+0800","caller":"initialize/cron.go:17","msg":"run","keysAndValues":["now","2026-02-17T02:00:00.0019739+08:00","entry",1,"next","2026-02-17T03:00:00+08:00"]}
{"level":"INFO","time":"2026-02-17T02:00:00.003+0800","caller":"initialize/cron.go:17","msg":"run","keysAndValues":["now","2026-02-17T02:00:00.0019739+08:00","entry",2,"next","2026-02-17T03:00:00+08:00"]}
{"level":"ERROR","time":"2026-02-17T02:00:00.039+0800","caller":"task/enter.go:12","msg":"Failed to update article views:","error":"status: 400, failed: [illegal_argument_exception], reason: failed to execute script"}
{"level":"ERROR","time":"2026-02-17T02:00:00.366+0800","caller":"task/enter.go:19","msg":"Failed to get hot list:","error":"failed to get data"}
{"level":"ERROR","time":"2026-02-17T02:43:12.229+0800","caller":"api/user.go:352","msg":"Failed to get user weather","error":"no live weather data available"}
{"level":"INFO","time":"2026-02-17T03:00:00.001+0800","caller":"initialize/cron.go:17","msg":"wake","keysAndValues":["now","2026-02-17T03:00:00.0013129+08:00"]}
{"level":"INFO","time":"2026-02-17T03:00:00.001+0800","caller":"initialize/cron.go:17","msg":"run","keysAndValues":["now","2026-02-17T03:00:00.0013129+08:00","entry",1,"next","2026-02-17T04:00:00+08:00"]}
{"level":"INFO","time":"2026-02-17T03:00:00.002+0800","caller":"initialize/cron.go:17","msg":"run","keysAndValues":["now","2026-02-17T03:00:00.0013129+08:00","entry",2,"next","2026-02-17T04:00:00+08:00"]}
{"level":"ERROR","time":"2026-02-17T03:00:00.394+0800","caller":"task/enter.go:19","msg":"Failed to get hot list:","error":"failed to get data"}
{"level":"ERROR","time":"2026-02-18T02:02:03.185+0800","caller":"initialize/redis.go:26","msg":"Failed to connect to Redis:","error":"dial tcp 127.0.0.1:6379: connectex: No connection could be made because the target machine actively refused it."}
{"level":"ERROR","time":"2026-02-18T04:31:53.999+0800","caller":"initialize/redis.go:26","msg":"Failed to connect to Redis:","error":"dial tcp 127.0.0.1:6379: connectex: No connection could be made because the target machine actively refused it."}
{"level":"INFO","time":"2026-02-18T04:32:23.002+0800","caller":"core/server.go:25","msg":"server run success on ","address":"0.0.0.0:8080"}
{"level":"INFO","time":"2026-02-18T04:32:23.002+0800","caller":"initialize/cron.go:17","msg":"start","keysAndValues":null}
{"level":"INFO","time":"2026-02-18T04:32:23.009+0800","caller":"initialize/cron.go:17","msg":"schedule","keysAndValues":["now","2026-02-18T04:32:23.0099599+08:00","entry",1,"next","2026-02-18T05:00:00+08:00"]}
{"level":"INFO","time":"2026-02-18T04:32:23.009+0800","caller":"initialize/cron.go:17","msg":"schedule","keysAndValues":["now","2026-02-18T04:32:23.0099599+08:00","entry",2,"next","2026-02-18T05:00:00+08:00"]}
{"level":"INFO","time":"2026-02-18T04:32:23.009+0800","caller":"initialize/cron.go:17","msg":"schedule","keysAndValues":["now","2026-02-18T04:32:23.0099599+08:00","entry",3,"next","2026-02-19T00:00:00+08:00"]}
{"level":"INFO","time":"2026-02-18T05:00:00.000+0800","caller":"initialize/cron.go:17","msg":"wake","keysAndValues":["now","2026-02-18T05:00:00+08:00"]}
{"level":"INFO","time":"2026-02-18T05:00:00.000+0800","caller":"initialize/cron.go:17","msg":"run","keysAndValues":["now","2026-02-18T05:00:00+08:00","entry",1,"next","2026-02-18T06:00:00+08:00"]}
{"level":"INFO","time":"2026-02-18T05:00:00.002+0800","caller":"initialize/cron.go:17","msg":"run","keysAndValues":["now","2026-02-18T05:00:00+08:00","entry",2,"next","2026-02-18T06:00:00+08:00"]}
{"level":"ERROR","time":"2026-02-18T05:00:00.394+0800","caller":"task/enter.go:19","msg":"Failed to get hot list:","error":"failed to get data"}
{"level":"INFO","time":"2026-02-18T06:55:00.352+0800","caller":"core/server.go:25","msg":"server run success on ","address":"0.0.0.0:8080"}
{"level":"INFO","time":"2026-02-18T06:55:00.352+0800","caller":"initialize/cron.go:17","msg":"start","keysAndValues":null}
{"level":"INFO","time":"2026-02-18T06:55:00.359+0800","caller":"initialize/cron.go:17","msg":"schedule","keysAndValues":["now","2026-02-18T06:55:00.3594959+08:00","entry",1,"next","2026-02-18T07:00:00+08:00"]}
{"level":"INFO","time":"2026-02-18T06:55:00.359+0800","caller":"initialize/cron.go:17","msg":"schedule","keysAndValues":["now","2026-02-18T06:55:00.3594959+08:00","entry",2,"next","2026-02-18T07:00:00+08:00"]}
{"level":"INFO","time":"2026-02-18T06:55:00.359+0800","caller":"initialize/cron.go:17","msg":"schedule","keysAndValues":["now","2026-02-18T06:55:00.3594959+08:00","entry",3,"next","2026-02-19T00:00:00+08:00"]}
{"level":"INFO","time":"2026-02-18T07:00:00.000+0800","caller":"initialize/cron.go:17","msg":"wake","keysAndValues":["now","2026-02-18T07:00:00+08:00"]}
{"level":"INFO","time":"2026-02-18T07:00:00.000+0800","caller":"initialize/cron.go:17","msg":"run","keysAndValues":["now","2026-02-18T07:00:00+08:00","entry",1,"next","2026-02-18T08:00:00+08:00"]}
{"level":"INFO","time":"2026-02-18T07:00:00.000+0800","caller":"initialize/cron.go:17","msg":"run","keysAndValues":["now","2026-02-18T07:00:00+08:00","entry",2,"next","2026-02-18T08:00:00+08:00"]}
{"level":"ERROR","time":"2026-02-18T07:00:00.387+0800","caller":"task/enter.go:19","msg":"Failed to get hot list:","error":"failed to get data"}
{"level":"INFO","time":"2026-02-18T08:00:00.001+0800","caller":"initialize/cron.go:17","msg":"wake","keysAndValues":["now","2026-02-18T08:00:00.0003443+08:00"]}
{"level":"INFO","time":"2026-02-18T08:00:00.001+0800","caller":"initialize/cron.go:17","msg":"run","keysAndValues":["now","2026-02-18T08:00:00.0003443+08:00","entry",1,"next","2026-02-18T09:00:00+08:00"]}
{"level":"INFO","time":"2026-02-18T08:00:00.001+0800","caller":"initialize/cron.go:17","msg":"run","keysAndValues":["now","2026-02-18T08:00:00.0003443+08:00","entry",2,"next","2026-02-18T09:00:00+08:00"]}
{"level":"ERROR","time":"2026-02-18T08:00:00.713+0800","caller":"task/enter.go:19","msg":"Failed to get hot list:","error":"failed to get data"}
{"level":"INFO","time":"2026-02-18T10:26:37.088+0800","caller":"core/server.go:25","msg":"server run success on ","address":"0.0.0.0:8080"}
{"level":"INFO","time":"2026-02-18T10:26:37.088+0800","caller":"initialize/cron.go:17","msg":"start","keysAndValues":null}
{"level":"INFO","time":"2026-02-18T10:26:37.094+0800","caller":"initialize/cron.go:17","msg":"schedule","keysAndValues":["now","2026-02-18T10:26:37.0943746+08:00","entry",1,"next","2026-02-18T11:00:00+08:00"]}
{"level":"INFO","time":"2026-02-18T10:26:37.095+0800","caller":"initialize/cron.go:17","msg":"schedule","keysAndValues":["now","2026-02-18T10:26:37.0943746+08:00","entry",2,"next","2026-02-18T11:00:00+08:00"]}
{"level":"INFO","time":"2026-02-18T10:26:37.095+0800","caller":"initialize/cron.go:17","msg":"schedule","keysAndValues":["now","2026-02-18T10:26:37.0943746+08:00","entry",3,"next","2026-02-19T00:00:00+08:00"]}
{"level":"ERROR","time":"2026-02-18T10:29:59.535+0800","caller":"api/user.go:352","msg":"Failed to get user weather","error":"no live weather data available"}
{"level":"ERROR","time":"2026-02-18T10:32:40.879+0800","caller":"api/user.go:352","msg":"Failed to get user weather","error":"no live weather data available"}
{"level":"ERROR","time":"2026-02-18T10:35:13.135+0800","caller":"api/user.go:352","msg":"Failed to get user weather","error":"no live weather data available"}
{"level":"ERROR","time":"2026-02-18T10:35:14.630+0800","caller":"api/user.go:352","msg":"Failed to get user weather","error":"no live weather data available"}
